# JRE version: Java(TM) SE Runtime Environment (8.0_101-b13) (build 1.8.0_101-b13)
# Java VM: Java HotSpot(TM) 64-Bit Server VM (25.101-b13 mixed mode windows-amd64 compressed oops)
Heap:
 PSYoungGen      total 272384K, used 24266K [0x00000000eb300000, 0x0000000100000000, 0x0000000100000000)
  eden space 262144K, 9% used [0x00000000eb300000,0x00000000ecab2898,0x00000000fb300000)
  from space 10240K, 0% used [0x00000000fb300000,0x00000000fb300000,0x00000000fbd00000)
  to   space 20992K, 0% used [0x00000000feb80000,0x00000000feb80000,0x0000000100000000)
 ParOldGen       total 43008K, used 42614K [0x00000000c1800000, 0x00000000c4200000, 0x00000000eb300000)
  object space 43008K, 99% used [0x00000000c1800000,0x00000000c419d808,0x00000000c4200000)
 Metaspace       used 46949K, capacity 47340K, committed 47744K, reserved 1091584K
  class space    used 6027K, capacity 6151K, committed 6272K, reserved 1048576K
GC Heap History (10 events):
Event: 14.863 GC heap before
{Heap before GC invocations=9 (full 1):
 PSYoungGen      total 271872K, used 4837K [0x00000000eb300000, 0x00000000fc700000, 0x0000000100000000)
  eden space 262144K, 0% used [0x00000000eb300000,0x00000000eb300000,0x00000000fb300000)
  from space 9728K, 49% used [0x00000000fbd80000,0x00000000fc2396c0,0x00000000fc700000)
  to   space 10240K, 0% used [0x00000000fb300000,0x00000000fb300000,0x00000000fbd00000)
 ParOldGen       total 44032K, used 15728K [0x00000000c1800000, 0x00000000c4300000, 0x00000000eb300000)
  object space 44032K, 35% used [0x00000000c1800000,0x00000000c275c088,0x00000000c4300000)
 Metaspace       used 20975K, capacity 21136K, committed 21296K, reserved 1069056K
  class space    used 2614K, capacity 2653K, committed 2688K, reserved 1048576K
Event: 15.104 GC heap after
Heap after GC invocations=9 (full 1):
 PSYoungGen      total 271872K, used 0K [0x00000000eb300000, 0x00000000fc700000, 0x0000000100000000)
  eden space 262144K, 0% used [0x00000000eb300000,0x00000000eb300000,0x00000000fb300000)
  from space 9728K, 0% used [0x00000000fbd80000,0x00000000fbd80000,0x00000000fc700000)
  to   space 10240K, 0% used [0x00000000fb300000,0x00000000fb300000,0x00000000fbd00000)
 ParOldGen       total 43008K, used 14704K [0x00000000c1800000, 0x00000000c4200000, 0x00000000eb300000)
  object space 43008K, 34% used [0x00000000c1800000,0x00000000c265c2a0,0x00000000c4200000)
 Metaspace       used 20975K, capacity 21136K, committed 21296K, reserved 1069056K
  class space    used 2614K, capacity 2653K, committed 2688K, reserved 1048576K
}
Event: 18.957 GC heap before
{Heap before GC invocations=10 (full 1):
 PSYoungGen      total 271872K, used 262144K [0x00000000eb300000, 0x00000000fc700000, 0x0000000100000000)
  eden space 262144K, 100% used [0x00000000eb300000,0x00000000fb300000,0x00000000fb300000)
  from space 9728K, 0% used [0x00000000fbd80000,0x00000000fbd80000,0x00000000fc700000)
  to   space 10240K, 0% used [0x00000000fb300000,0x00000000fb300000,0x00000000fbd00000)
 ParOldGen       total 43008K, used 14704K [0x00000000c1800000, 0x00000000c4200000, 0x00000000eb300000)
  object space 43008K, 34% used [0x00000000c1800000,0x00000000c265c2a0,0x00000000c4200000)
 Metaspace       used 27200K, capacity 27494K, committed 27904K, reserved 1073152K
  class space    used 3392K, capacity 3462K, committed 3584K, reserved 1048576K
Event: 19.049 GC heap after
Heap after GC invocations=10 (full 1):
 PSYoungGen      total 272384K, used 10212K [0x00000000eb300000, 0x0000000100000000, 0x0000000100000000)
  eden space 262144K, 0% used [0x00000000eb300000,0x00000000eb300000,0x00000000fb300000)
  from space 10240K, 99% used [0x00000000fb300000,0x00000000fbcf93e8,0x00000000fbd00000)
  to   space 20992K, 0% used [0x00000000feb80000,0x00000000feb80000,0x0000000100000000)
 ParOldGen       total 43008K, used 37817K [0x00000000c1800000, 0x00000000c4200000, 0x00000000eb300000)
  object space 43008K, 87% used [0x00000000c1800000,0x00000000c3cee578,0x00000000c4200000)
 Metaspace       used 27200K, capacity 27494K, committed 27904K, reserved 1073152K
  class space    used 3392K, capacity 3462K, committed 3584K, reserved 1048576K
}
Event: 19.049 GC heap before
{Heap before GC invocations=11 (full 2):
 PSYoungGen      total 272384K, used 10212K [0x00000000eb300000, 0x0000000100000000, 0x0000000100000000)
  eden space 262144K, 0% used [0x00000000eb300000,0x00000000eb300000,0x00000000fb300000)
  from space 10240K, 99% used [0x00000000fb300000,0x00000000fbcf93e8,0x00000000fbd00000)
  to   space 20992K, 0% used [0x00000000feb80000,0x00000000feb80000,0x0000000100000000)
 ParOldGen       total 43008K, used 37817K [0x00000000c1800000, 0x00000000c4200000, 0x00000000eb300000)
  object space 43008K, 87% used [0x00000000c1800000,0x00000000c3cee578,0x00000000c4200000)
 Metaspace       used 27200K, capacity 27494K, committed 27904K, reserved 1073152K
  class space    used 3392K, capacity 3462K, committed 3584K, reserved 1048576K
Event: 19.447 GC heap after
Heap after GC invocations=11 (full 2):
 PSYoungGen      total 272384K, used 0K [0x00000000eb300000, 0x0000000100000000, 0x0000000100000000)
  eden space 262144K, 0% used [0x00000000eb300000,0x00000000eb300000,0x00000000fb300000)
  from space 10240K, 0% used [0x00000000fb300000,0x00000000fb300000,0x00000000fbd00000)
  to   space 20992K, 0% used [0x00000000feb80000,0x00000000feb80000,0x0000000100000000)
 ParOldGen       total 43008K, used 42436K [0x00000000c1800000, 0x00000000c4200000, 0x00000000eb300000)
  object space 43008K, 98% used [0x00000000c1800000,0x00000000c41711b8,0x00000000c4200000)
 Metaspace       used 27200K, capacity 27494K, committed 27904K, reserved 1073152K
  class space    used 3392K, capacity 3462K, committed 3584K, reserved 1048576K
}
Event: 26.062 GC heap before
{Heap before GC invocations=12 (full 3):
 PSYoungGen      total 272384K, used 262144K [0x00000000eb300000, 0x0000000100000000, 0x0000000100000000)
  eden space 262144K, 100% used [0x00000000eb300000,0x00000000fb300000,0x00000000fb300000)
  from space 10240K, 0% used [0x00000000fb300000,0x00000000fb300000,0x00000000fbd00000)
  to   space 20992K, 0% used [0x00000000feb80000,0x00000000feb80000,0x0000000100000000)
 ParOldGen       total 43008K, used 42436K [0x00000000c1800000, 0x00000000c4200000, 0x00000000eb300000)
  object space 43008K, 98% used [0x00000000c1800000,0x00000000c41711b8,0x00000000c4200000)
 Metaspace       used 39395K, capacity 39736K, committed 39936K, reserved 1083392K
  class space    used 4990K, capacity 5085K, committed 5120K, reserved 1048576K
Event: 26.524 GC heap after
Heap after GC invocations=12 (full 3):
 PSYoungGen      total 272384K, used 10103K [0x00000000eb300000, 0x0000000100000000, 0x0000000100000000)
  eden space 262144K, 3% used [0x00000000eb300000,0x00000000ebcddf48,0x00000000fb300000)
  from space 10240K, 0% used [0x00000000fb300000,0x00000000fb300000,0x00000000fbd00000)
  to   space 20992K, 0% used [0x00000000feb80000,0x00000000feb80000,0x0000000100000000)
 ParOldGen       total 43008K, used 42996K [0x00000000c1800000, 0x00000000c4200000, 0x00000000eb300000)
  object space 43008K, 99% used [0x00000000c1800000,0x00000000c41fd3d0,0x00000000c4200000)
 Metaspace       used 39395K, capacity 39736K, committed 39936K, reserved 1083392K
  class space    used 4990K, capacity 5085K, committed 5120K, reserved 1048576K
}
Event: 33.181 GC heap before
{Heap before GC invocations=13 (full 4):
 PSYoungGen      total 272384K, used 262144K [0x00000000eb300000, 0x0000000100000000, 0x0000000100000000)
  eden space 262144K, 100% used [0x00000000eb300000,0x00000000fb300000,0x00000000fb300000)
  from space 10240K, 0% used [0x00000000fb300000,0x00000000fb300000,0x00000000fbd00000)
  to   space 20992K, 0% used [0x00000000feb80000,0x00000000feb80000,0x0000000100000000)
 ParOldGen       total 43008K, used 42996K [0x00000000c1800000, 0x00000000c4200000, 0x00000000eb300000)
  object space 43008K, 99% used [0x00000000c1800000,0x00000000c41fd3d0,0x00000000c4200000)
 Metaspace       used 46926K, capacity 47340K, committed 47744K, reserved 1091584K
  class space    used 6025K, capacity 6151K, committed 6272K, reserved 1048576K
Event: 33.984 GC heap after
Heap after GC invocations=13 (full 4):
 PSYoungGen      total 272384K, used 15160K [0x00000000eb300000, 0x0000000100000000, 0x0000000100000000)
  eden space 262144K, 5% used [0x00000000eb300000,0x00000000ec1ce1d0,0x00000000fb300000)
  from space 10240K, 0% used [0x00000000fb300000,0x00000000fb300000,0x00000000fbd00000)
  to   space 20992K, 0% used [0x00000000feb80000,0x00000000feb80000,0x0000000100000000)
 ParOldGen       total 43008K, used 42614K [0x00000000c1800000, 0x00000000c4200000, 0x00000000eb300000)
  object space 43008K, 99% used [0x00000000c1800000,0x00000000c419d808,0x00000000c4200000)
 Metaspace       used 46926K, capacity 47340K, committed 47744K, reserved 1091584K
  class space    used 6025K, capacity 6151K, committed 6272K, reserved 1048576K
}

