# JRE version: Java(TM) SE Runtime Environment (8.0_101-b13) (build 1.8.0_101-b13)
# Java VM: Java HotSpot(TM) 64-Bit Server VM (25.101-b13 mixed mode windows-amd64 compressed oops)
Heap:
 PSYoungGen      total 320000K, used 23938K [0x00000000eb300000, 0x0000000100000000, 0x0000000100000000)
  eden space 299008K, 8% used [0x00000000eb300000,0x00000000eca60aa0,0x00000000fd700000)
  from space 20992K, 0% used [0x00000000feb80000,0x00000000feb80000,0x0000000100000000)
  to   space 20992K, 0% used [0x00000000fd700000,0x00000000fd700000,0x00000000feb80000)
 ParOldGen       total 101888K, used 56426K [0x00000000c1800000, 0x00000000c7b80000, 0x00000000eb300000)
  object space 101888K, 55% used [0x00000000c1800000,0x00000000c4f1a9a8,0x00000000c7b80000)
 Metaspace       used 48773K, capacity 49252K, committed 49664K, reserved 1093632K
  class space    used 6271K, capacity 6391K, committed 6400K, reserved 1048576K
GC Heap History (10 events):
Event: 27.606 GC heap before
{Heap before GC invocations=13 (full 2):
 PSYoungGen      total 216064K, used 9707K [0x00000000eb300000, 0x00000000ff900000, 0x0000000100000000)
  eden space 206336K, 0% used [0x00000000eb300000,0x00000000eb300000,0x00000000f7c80000)
  from space 9728K, 99% used [0x00000000f7c80000,0x00000000f85faf80,0x00000000f8600000)
  to   space 19456K, 0% used [0x00000000fe600000,0x00000000fe600000,0x00000000ff900000)
 ParOldGen       total 38400K, used 38330K [0x00000000c1800000, 0x00000000c3d80000, 0x00000000eb300000)
  object space 38400K, 99% used [0x00000000c1800000,0x00000000c3d6e930,0x00000000c3d80000)
 Metaspace       used 28865K, capacity 29100K, committed 29312K, reserved 1075200K
  class space    used 3602K, capacity 3639K, committed 3712K, reserved 1048576K
Event: 28.116 GC heap after
Heap after GC invocations=13 (full 2):
 PSYoungGen      total 216064K, used 4053K [0x00000000eb300000, 0x00000000ff900000, 0x0000000100000000)
  eden space 206336K, 0% used [0x00000000eb300000,0x00000000eb300000,0x00000000f7c80000)
  from space 9728K, 41% used [0x00000000f7c80000,0x00000000f80757e8,0x00000000f8600000)
  to   space 19456K, 0% used [0x00000000fe600000,0x00000000fe600000,0x00000000ff900000)
 ParOldGen       total 76288K, used 38028K [0x00000000c1800000, 0x00000000c6280000, 0x00000000eb300000)
  object space 76288K, 49% used [0x00000000c1800000,0x00000000c3d233c0,0x00000000c6280000)
 Metaspace       used 28865K, capacity 29100K, committed 29312K, reserved 1075200K
  class space    used 3602K, capacity 3639K, committed 3712K, reserved 1048576K
}
Event: 34.612 GC heap before
{Heap before GC invocations=14 (full 2):
 PSYoungGen      total 216064K, used 210389K [0x00000000eb300000, 0x00000000ff900000, 0x0000000100000000)
  eden space 206336K, 100% used [0x00000000eb300000,0x00000000f7c80000,0x00000000f7c80000)
  from space 9728K, 41% used [0x00000000f7c80000,0x00000000f80757e8,0x00000000f8600000)
  to   space 19456K, 0% used [0x00000000fe600000,0x00000000fe600000,0x00000000ff900000)
 ParOldGen       total 76288K, used 38028K [0x00000000c1800000, 0x00000000c6280000, 0x00000000eb300000)
  object space 76288K, 49% used [0x00000000c1800000,0x00000000c3d233c0,0x00000000c6280000)
 Metaspace       used 39707K, capacity 40056K, committed 40320K, reserved 1085440K
  class space    used 5046K, capacity 5149K, committed 5248K, reserved 1048576K
Event: 34.720 GC heap after
Heap after GC invocations=14 (full 2):
 PSYoungGen      total 287744K, used 12671K [0x00000000eb300000, 0x00000000ff280000, 0x0000000100000000)
  eden space 274944K, 0% used [0x00000000eb300000,0x00000000eb300000,0x00000000fbf80000)
  from space 12800K, 98% used [0x00000000fe600000,0x00000000ff25fef0,0x00000000ff280000)
  to   space 19968K, 0% used [0x00000000fcb80000,0x00000000fcb80000,0x00000000fdf00000)
 ParOldGen       total 76288K, used 42071K [0x00000000c1800000, 0x00000000c6280000, 0x00000000eb300000)
  object space 76288K, 55% used [0x00000000c1800000,0x00000000c4115c18,0x00000000c6280000)
 Metaspace       used 39707K, capacity 40056K, committed 40320K, reserved 1085440K
  class space    used 5046K, capacity 5149K, committed 5248K, reserved 1048576K
}
Event: 44.853 GC heap before
{Heap before GC invocations=15 (full 2):
 PSYoungGen      total 287744K, used 287615K [0x00000000eb300000, 0x00000000ff280000, 0x0000000100000000)
  eden space 274944K, 100% used [0x00000000eb300000,0x00000000fbf80000,0x00000000fbf80000)
  from space 12800K, 98% used [0x00000000fe600000,0x00000000ff25fef0,0x00000000ff280000)
  to   space 19968K, 0% used [0x00000000fcb80000,0x00000000fcb80000,0x00000000fdf00000)
 ParOldGen       total 76288K, used 42071K [0x00000000c1800000, 0x00000000c6280000, 0x00000000eb300000)
  object space 76288K, 55% used [0x00000000c1800000,0x00000000c4115c18,0x00000000c6280000)
 Metaspace       used 47392K, capacity 47820K, committed 48256K, reserved 1091584K
  class space    used 6074K, capacity 6183K, committed 6272K, reserved 1048576K
Event: 45.108 GC heap after
Heap after GC invocations=15 (full 2):
 PSYoungGen      total 307200K, used 14715K [0x00000000eb300000, 0x0000000100000000, 0x0000000100000000)
  eden space 287232K, 0% used [0x00000000eb300000,0x00000000eb300000,0x00000000fcb80000)
  from space 19968K, 73% used [0x00000000fcb80000,0x00000000fd9def28,0x00000000fdf00000)
  to   space 20992K, 0% used [0x00000000feb80000,0x00000000feb80000,0x0000000100000000)
 ParOldGen       total 76288K, used 47510K [0x00000000c1800000, 0x00000000c6280000, 0x00000000eb300000)
  object space 76288K, 62% used [0x00000000c1800000,0x00000000c4665888,0x00000000c6280000)
 Metaspace       used 47392K, capacity 47820K, committed 48256K, reserved 1091584K
  class space    used 6074K, capacity 6183K, committed 6272K, reserved 1048576K
}
Event: 46.659 GC heap before
{Heap before GC invocations=16 (full 2):
 PSYoungGen      total 307200K, used 52073K [0x00000000eb300000, 0x0000000100000000, 0x0000000100000000)
  eden space 287232K, 13% used [0x00000000eb300000,0x00000000ed77b7a0,0x00000000fcb80000)
  from space 19968K, 73% used [0x00000000fcb80000,0x00000000fd9def28,0x00000000fdf00000)
  to   space 20992K, 0% used [0x00000000feb80000,0x00000000feb80000,0x0000000100000000)
 ParOldGen       total 76288K, used 47510K [0x00000000c1800000, 0x00000000c6280000, 0x00000000eb300000)
  object space 76288K, 62% used [0x00000000c1800000,0x00000000c4665888,0x00000000c6280000)
 Metaspace       used 48116K, capacity 48530K, committed 48856K, reserved 1091584K
  class space    used 6162K, capacity 6248K, committed 6272K, reserved 1048576K
Event: 46.965 GC heap after
Heap after GC invocations=16 (full 2):
 PSYoungGen      total 320000K, used 3144K [0x00000000eb300000, 0x0000000100000000, 0x0000000100000000)
  eden space 299008K, 0% used [0x00000000eb300000,0x00000000eb300000,0x00000000fd700000)
  from space 20992K, 14% used [0x00000000feb80000,0x00000000fee922c8,0x0000000100000000)
  to   space 20992K, 0% used [0x00000000fd700000,0x00000000fd700000,0x00000000feb80000)
 ParOldGen       total 76288K, used 56518K [0x00000000c1800000, 0x00000000c6280000, 0x00000000eb300000)
  object space 76288K, 74% used [0x00000000c1800000,0x00000000c4f318c8,0x00000000c6280000)
 Metaspace       used 48116K, capacity 48530K, committed 48856K, reserved 1091584K
  class space    used 6162K, capacity 6248K, committed 6272K, reserved 1048576K
}
Event: 46.965 GC heap before
{Heap before GC invocations=17 (full 3):
 PSYoungGen      total 320000K, used 3144K [0x00000000eb300000, 0x0000000100000000, 0x0000000100000000)
  eden space 299008K, 0% used [0x00000000eb300000,0x00000000eb300000,0x00000000fd700000)
  from space 20992K, 14% used [0x00000000feb80000,0x00000000fee922c8,0x0000000100000000)
  to   space 20992K, 0% used [0x00000000fd700000,0x00000000fd700000,0x00000000feb80000)
 ParOldGen       total 76288K, used 56518K [0x00000000c1800000, 0x00000000c6280000, 0x00000000eb300000)
  object space 76288K, 74% used [0x00000000c1800000,0x00000000c4f318c8,0x00000000c6280000)
 Metaspace       used 48116K, capacity 48530K, committed 48856K, reserved 1091584K
  class space    used 6162K, capacity 6248K, committed 6272K, reserved 1048576K
Event: 48.402 GC heap after
Heap after GC invocations=17 (full 3):
 PSYoungGen      total 320000K, used 0K [0x00000000eb300000, 0x0000000100000000, 0x0000000100000000)
  eden space 299008K, 0% used [0x00000000eb300000,0x00000000eb300000,0x00000000fd700000)
  from space 20992K, 0% used [0x00000000feb80000,0x00000000feb80000,0x0000000100000000)
  to   space 20992K, 0% used [0x00000000fd700000,0x00000000fd700000,0x00000000feb80000)
 ParOldGen       total 101888K, used 56426K [0x00000000c1800000, 0x00000000c7b80000, 0x00000000eb300000)
  object space 101888K, 55% used [0x00000000c1800000,0x00000000c4f1a9a8,0x00000000c7b80000)
 Metaspace       used 48116K, capacity 48530K, committed 48856K, reserved 1091584K
  class space    used 6162K, capacity 6248K, committed 6272K, reserved 1048576K
}

