# JRE version: Java(TM) SE Runtime Environment (8.0_101-b13) (build 1.8.0_101-b13)
# Java VM: Java HotSpot(TM) 64-Bit Server VM (25.101-b13 mixed mode windows-amd64 compressed oops)
Heap:
 PSYoungGen      total 313344K, used 233891K [0x00000000eb300000, 0x0000000100000000, 0x0000000100000000)
  eden space 295936K, 79% used [0x00000000eb300000,0x00000000f9768db0,0x00000000fd400000)
  from space 17408K, 0% used [0x00000000fd400000,0x00000000fd400000,0x00000000fe500000)
  to   space 24064K, 0% used [0x00000000fe880000,0x00000000fe880000,0x0000000100000000)
 ParOldGen       total 113152K, used 54060K [0x00000000c1800000, 0x00000000c8680000, 0x00000000eb300000)
  object space 113152K, 47% used [0x00000000c1800000,0x00000000c4ccb1c8,0x00000000c8680000)
 Metaspace       used 55046K, capacity 55682K, committed 56064K, reserved 1097728K
  class space    used 6965K, capacity 7125K, committed 7168K, reserved 1048576K
GC Heap History (10 events):
Event: 19.408 GC heap before
{Heap before GC invocations=10 (full 1):
 PSYoungGen      total 271872K, used 262144K [0x00000000eb300000, 0x00000000fc700000, 0x0000000100000000)
  eden space 262144K, 100% used [0x00000000eb300000,0x00000000fb300000,0x00000000fb300000)
  from space 9728K, 0% used [0x00000000fbd80000,0x00000000fbd80000,0x00000000fc700000)
  to   space 10240K, 0% used [0x00000000fb300000,0x00000000fb300000,0x00000000fbd00000)
 ParOldGen       total 41984K, used 14642K [0x00000000c1800000, 0x00000000c4100000, 0x00000000eb300000)
  object space 41984K, 34% used [0x00000000c1800000,0x00000000c264c8c8,0x00000000c4100000)
 Metaspace       used 27225K, capacity 27454K, committed 27776K, reserved 1073152K
  class space    used 3384K, capacity 3430K, committed 3456K, reserved 1048576K
Event: 19.500 GC heap after
Heap after GC invocations=10 (full 1):
 PSYoungGen      total 272384K, used 10217K [0x00000000eb300000, 0x0000000100000000, 0x0000000100000000)
  eden space 262144K, 0% used [0x00000000eb300000,0x00000000eb300000,0x00000000fb300000)
  from space 10240K, 99% used [0x00000000fb300000,0x00000000fbcfa408,0x00000000fbd00000)
  to   space 20992K, 0% used [0x00000000feb80000,0x00000000feb80000,0x0000000100000000)
 ParOldGen       total 41984K, used 37721K [0x00000000c1800000, 0x00000000c4100000, 0x00000000eb300000)
  object space 41984K, 89% used [0x00000000c1800000,0x00000000c3cd6790,0x00000000c4100000)
 Metaspace       used 27225K, capacity 27454K, committed 27776K, reserved 1073152K
  class space    used 3384K, capacity 3430K, committed 3456K, reserved 1048576K
}
Event: 19.500 GC heap before
{Heap before GC invocations=11 (full 2):
 PSYoungGen      total 272384K, used 10217K [0x00000000eb300000, 0x0000000100000000, 0x0000000100000000)
  eden space 262144K, 0% used [0x00000000eb300000,0x00000000eb300000,0x00000000fb300000)
  from space 10240K, 99% used [0x00000000fb300000,0x00000000fbcfa408,0x00000000fbd00000)
  to   space 20992K, 0% used [0x00000000feb80000,0x00000000feb80000,0x0000000100000000)
 ParOldGen       total 41984K, used 37721K [0x00000000c1800000, 0x00000000c4100000, 0x00000000eb300000)
  object space 41984K, 89% used [0x00000000c1800000,0x00000000c3cd6790,0x00000000c4100000)
 Metaspace       used 27225K, capacity 27454K, committed 27776K, reserved 1073152K
  class space    used 3384K, capacity 3430K, committed 3456K, reserved 1048576K
Event: 19.911 GC heap after
Heap after GC invocations=11 (full 2):
 PSYoungGen      total 272384K, used 487K [0x00000000eb300000, 0x0000000100000000, 0x0000000100000000)
  eden space 262144K, 0% used [0x00000000eb300000,0x00000000eb300000,0x00000000fb300000)
  from space 10240K, 4% used [0x00000000fb300000,0x00000000fb379f50,0x00000000fbd00000)
  to   space 20992K, 0% used [0x00000000feb80000,0x00000000feb80000,0x0000000100000000)
 ParOldGen       total 88576K, used 41934K [0x00000000c1800000, 0x00000000c6e80000, 0x00000000eb300000)
  object space 88576K, 47% used [0x00000000c1800000,0x00000000c40f3960,0x00000000c6e80000)
 Metaspace       used 27225K, capacity 27454K, committed 27776K, reserved 1073152K
  class space    used 3384K, capacity 3430K, committed 3456K, reserved 1048576K
}
Event: 26.686 GC heap before
{Heap before GC invocations=12 (full 2):
 PSYoungGen      total 272384K, used 262631K [0x00000000eb300000, 0x0000000100000000, 0x0000000100000000)
  eden space 262144K, 100% used [0x00000000eb300000,0x00000000fb300000,0x00000000fb300000)
  from space 10240K, 4% used [0x00000000fb300000,0x00000000fb379f50,0x00000000fbd00000)
  to   space 20992K, 0% used [0x00000000feb80000,0x00000000feb80000,0x0000000100000000)
 ParOldGen       total 88576K, used 41934K [0x00000000c1800000, 0x00000000c6e80000, 0x00000000eb300000)
  object space 88576K, 47% used [0x00000000c1800000,0x00000000c40f3960,0x00000000c6e80000)
 Metaspace       used 39431K, capacity 39792K, committed 40192K, reserved 1085440K
  class space    used 4990K, capacity 5085K, committed 5120K, reserved 1048576K
Event: 26.758 GC heap after
Heap after GC invocations=12 (full 2):
 PSYoungGen      total 316928K, used 16511K [0x00000000eb300000, 0x0000000100000000, 0x0000000100000000)
  eden space 295936K, 0% used [0x00000000eb300000,0x00000000eb300000,0x00000000fd400000)
  from space 20992K, 78% used [0x00000000feb80000,0x00000000ffb9fd70,0x0000000100000000)
  to   space 22528K, 0% used [0x00000000fd400000,0x00000000fd400000,0x00000000fea00000)
 ParOldGen       total 88576K, used 41942K [0x00000000c1800000, 0x00000000c6e80000, 0x00000000eb300000)
  object space 88576K, 47% used [0x00000000c1800000,0x00000000c40f5960,0x00000000c6e80000)
 Metaspace       used 39431K, capacity 39792K, committed 40192K, reserved 1085440K
  class space    used 4990K, capacity 5085K, committed 5120K, reserved 1048576K
}
Event: 34.543 GC heap before
{Heap before GC invocations=13 (full 2):
 PSYoungGen      total 316928K, used 207057K [0x00000000eb300000, 0x0000000100000000, 0x0000000100000000)
  eden space 295936K, 64% used [0x00000000eb300000,0x00000000f6d14698,0x00000000fd400000)
  from space 20992K, 78% used [0x00000000feb80000,0x00000000ffb9fd70,0x0000000100000000)
  to   space 22528K, 0% used [0x00000000fd400000,0x00000000fd400000,0x00000000fea00000)
 ParOldGen       total 88576K, used 41942K [0x00000000c1800000, 0x00000000c6e80000, 0x00000000eb300000)
  object space 88576K, 47% used [0x00000000c1800000,0x00000000c40f5960,0x00000000c6e80000)
 Metaspace       used 45544K, capacity 45938K, committed 46296K, reserved 1089536K
  class space    used 5810K, capacity 5924K, committed 6016K, reserved 1048576K
Event: 34.650 GC heap after
Heap after GC invocations=13 (full 2):
 PSYoungGen      total 313344K, used 17400K [0x00000000eb300000, 0x0000000100000000, 0x0000000100000000)
  eden space 295936K, 0% used [0x00000000eb300000,0x00000000eb300000,0x00000000fd400000)
  from space 17408K, 99% used [0x00000000fd400000,0x00000000fe4fe260,0x00000000fe500000)
  to   space 24064K, 0% used [0x00000000fe880000,0x00000000fe880000,0x0000000100000000)
 ParOldGen       total 88576K, used 41950K [0x00000000c1800000, 0x00000000c6e80000, 0x00000000eb300000)
  object space 88576K, 47% used [0x00000000c1800000,0x00000000c40f7960,0x00000000c6e80000)
 Metaspace       used 45544K, capacity 45938K, committed 46296K, reserved 1089536K
  class space    used 5810K, capacity 5924K, committed 6016K, reserved 1048576K
}
Event: 34.650 GC heap before
{Heap before GC invocations=14 (full 3):
 PSYoungGen      total 313344K, used 17400K [0x00000000eb300000, 0x0000000100000000, 0x0000000100000000)
  eden space 295936K, 0% used [0x00000000eb300000,0x00000000eb300000,0x00000000fd400000)
  from space 17408K, 99% used [0x00000000fd400000,0x00000000fe4fe260,0x00000000fe500000)
  to   space 24064K, 0% used [0x00000000fe880000,0x00000000fe880000,0x0000000100000000)
 ParOldGen       total 88576K, used 41950K [0x00000000c1800000, 0x00000000c6e80000, 0x00000000eb300000)
  object space 88576K, 47% used [0x00000000c1800000,0x00000000c40f7960,0x00000000c6e80000)
 Metaspace       used 45544K, capacity 45938K, committed 46296K, reserved 1089536K
  class space    used 5810K, capacity 5924K, committed 6016K, reserved 1048576K
Event: 35.463 GC heap after
Heap after GC invocations=14 (full 3):
 PSYoungGen      total 313344K, used 0K [0x00000000eb300000, 0x0000000100000000, 0x0000000100000000)
  eden space 295936K, 0% used [0x00000000eb300000,0x00000000eb300000,0x00000000fd400000)
  from space 17408K, 0% used [0x00000000fd400000,0x00000000fd400000,0x00000000fe500000)
  to   space 24064K, 0% used [0x00000000fe880000,0x00000000fe880000,0x0000000100000000)
 ParOldGen       total 113152K, used 54060K [0x00000000c1800000, 0x00000000c8680000, 0x00000000eb300000)
  object space 113152K, 47% used [0x00000000c1800000,0x00000000c4ccb1c8,0x00000000c8680000)
 Metaspace       used 45544K, capacity 45938K, committed 46296K, reserved 1089536K
  class space    used 5810K, capacity 5924K, committed 6016K, reserved 1048576K
}

