# JRE version: Java(TM) SE Runtime Environment (8.0_101-b13) (build 1.8.0_101-b13)
# Java VM: Java HotSpot(TM) 64-Bit Server VM (25.101-b13 mixed mode windows-amd64 compressed oops)
Heap:
 PSYoungGen      total 217600K, used 155782K [0x00000000eb300000, 0x00000000fe880000, 0x0000000100000000)
  eden space 208384K, 74% used [0x00000000eb300000,0x00000000f4b21ae8,0x00000000f7e80000)
  from space 9216K, 0% used [0x00000000f7e80000,0x00000000f7e80000,0x00000000f8780000)
  to   space 18944K, 0% used [0x00000000fd600000,0x00000000fd600000,0x00000000fe880000)
 ParOldGen       total 42496K, used 42492K [0x00000000c1800000, 0x00000000c4180000, 0x00000000eb300000)
  object space 42496K, 99% used [0x00000000c1800000,0x00000000c417f370,0x00000000c4180000)
 Metaspace       used 43649K, capacity 43966K, committed 44416K, reserved 1087488K
  class space    used 5628K, capacity 5726K, committed 5760K, reserved 1048576K
GC Heap History (10 events):
Event: 13.845 GC heap before
{Heap before GC invocations=10 (full 1):
 PSYoungGen      total 137728K, used 6625K [0x00000000eb300000, 0x00000000f9100000, 0x0000000100000000)
  eden space 131072K, 0% used [0x00000000eb300000,0x00000000eb300000,0x00000000f3300000)
  from space 6656K, 99% used [0x00000000f3300000,0x00000000f3978730,0x00000000f3980000)
  to   space 8704K, 0% used [0x00000000f8880000,0x00000000f8880000,0x00000000f9100000)
 ParOldGen       total 44032K, used 14140K [0x00000000c1800000, 0x00000000c4300000, 0x00000000eb300000)
  object space 44032K, 32% used [0x00000000c1800000,0x00000000c25cf1a0,0x00000000c4300000)
 Metaspace       used 20894K, capacity 21066K, committed 21296K, reserved 1069056K
  class space    used 2608K, capacity 2652K, committed 2688K, reserved 1048576K
Event: 13.997 GC heap after
Heap after GC invocations=10 (full 1):
 PSYoungGen      total 137728K, used 0K [0x00000000eb300000, 0x00000000f9100000, 0x0000000100000000)
  eden space 131072K, 0% used [0x00000000eb300000,0x00000000eb300000,0x00000000f3300000)
  from space 6656K, 0% used [0x00000000f3300000,0x00000000f3300000,0x00000000f3980000)
  to   space 8704K, 0% used [0x00000000f8880000,0x00000000f8880000,0x00000000f9100000)
 ParOldGen       total 42496K, used 17189K [0x00000000c1800000, 0x00000000c4180000, 0x00000000eb300000)
  object space 42496K, 40% used [0x00000000c1800000,0x00000000c28c9798,0x00000000c4180000)
 Metaspace       used 20894K, capacity 21066K, committed 21296K, reserved 1069056K
  class space    used 2608K, capacity 2652K, committed 2688K, reserved 1048576K
}
Event: 18.004 GC heap before
{Heap before GC invocations=11 (full 1):
 PSYoungGen      total 137728K, used 131072K [0x00000000eb300000, 0x00000000f9100000, 0x0000000100000000)
  eden space 131072K, 100% used [0x00000000eb300000,0x00000000f3300000,0x00000000f3300000)
  from space 6656K, 0% used [0x00000000f3300000,0x00000000f3300000,0x00000000f3980000)
  to   space 8704K, 0% used [0x00000000f8880000,0x00000000f8880000,0x00000000f9100000)
 ParOldGen       total 42496K, used 17189K [0x00000000c1800000, 0x00000000c4180000, 0x00000000eb300000)
  object space 42496K, 40% used [0x00000000c1800000,0x00000000c28c9798,0x00000000c4180000)
 Metaspace       used 26872K, capacity 27110K, committed 27520K, reserved 1073152K
  class space    used 3351K, capacity 3398K, committed 3456K, reserved 1048576K
Event: 18.096 GC heap after
Heap after GC invocations=11 (full 1):
 PSYoungGen      total 199680K, used 7910K [0x00000000eb300000, 0x00000000f9080000, 0x0000000100000000)
  eden space 191488K, 0% used [0x00000000eb300000,0x00000000eb300000,0x00000000f6e00000)
  from space 8192K, 96% used [0x00000000f8880000,0x00000000f9039a68,0x00000000f9080000)
  to   space 9216K, 0% used [0x00000000f7e80000,0x00000000f7e80000,0x00000000f8780000)
 ParOldGen       total 42496K, used 17189K [0x00000000c1800000, 0x00000000c4180000, 0x00000000eb300000)
  object space 42496K, 40% used [0x00000000c1800000,0x00000000c28c9798,0x00000000c4180000)
 Metaspace       used 26872K, capacity 27110K, committed 27520K, reserved 1073152K
  class space    used 3351K, capacity 3398K, committed 3456K, reserved 1048576K
}
Event: 20.882 GC heap before
{Heap before GC invocations=12 (full 1):
 PSYoungGen      total 199680K, used 199398K [0x00000000eb300000, 0x00000000f9080000, 0x0000000100000000)
  eden space 191488K, 100% used [0x00000000eb300000,0x00000000f6e00000,0x00000000f6e00000)
  from space 8192K, 96% used [0x00000000f8880000,0x00000000f9039a68,0x00000000f9080000)
  to   space 9216K, 0% used [0x00000000f7e80000,0x00000000f7e80000,0x00000000f8780000)
 ParOldGen       total 42496K, used 17189K [0x00000000c1800000, 0x00000000c4180000, 0x00000000eb300000)
  object space 42496K, 40% used [0x00000000c1800000,0x00000000c28c9798,0x00000000c4180000)
 Metaspace       used 28943K, capacity 29196K, committed 29568K, reserved 1075200K
  class space    used 3605K, capacity 3671K, committed 3712K, reserved 1048576K
Event: 20.979 GC heap after
Heap after GC invocations=12 (full 1):
 PSYoungGen      total 217600K, used 9195K [0x00000000eb300000, 0x00000000fe880000, 0x0000000100000000)
  eden space 208384K, 0% used [0x00000000eb300000,0x00000000eb300000,0x00000000f7e80000)
  from space 9216K, 99% used [0x00000000f7e80000,0x00000000f877af80,0x00000000f8780000)
  to   space 18944K, 0% used [0x00000000fd600000,0x00000000fd600000,0x00000000fe880000)
 ParOldGen       total 42496K, used 40712K [0x00000000c1800000, 0x00000000c4180000, 0x00000000eb300000)
  object space 42496K, 95% used [0x00000000c1800000,0x00000000c3fc22a8,0x00000000c4180000)
 Metaspace       used 28943K, capacity 29196K, committed 29568K, reserved 1075200K
  class space    used 3605K, capacity 3671K, committed 3712K, reserved 1048576K
}
Event: 20.979 GC heap before
{Heap before GC invocations=13 (full 2):
 PSYoungGen      total 217600K, used 9195K [0x00000000eb300000, 0x00000000fe880000, 0x0000000100000000)
  eden space 208384K, 0% used [0x00000000eb300000,0x00000000eb300000,0x00000000f7e80000)
  from space 9216K, 99% used [0x00000000f7e80000,0x00000000f877af80,0x00000000f8780000)
  to   space 18944K, 0% used [0x00000000fd600000,0x00000000fd600000,0x00000000fe880000)
 ParOldGen       total 42496K, used 40712K [0x00000000c1800000, 0x00000000c4180000, 0x00000000eb300000)
  object space 42496K, 95% used [0x00000000c1800000,0x00000000c3fc22a8,0x00000000c4180000)
 Metaspace       used 28943K, capacity 29196K, committed 29568K, reserved 1075200K
  class space    used 3605K, capacity 3671K, committed 3712K, reserved 1048576K
Event: 21.416 GC heap after
Heap after GC invocations=13 (full 2):
 PSYoungGen      total 217600K, used 0K [0x00000000eb300000, 0x00000000fe880000, 0x0000000100000000)
  eden space 208384K, 0% used [0x00000000eb300000,0x00000000eb300000,0x00000000f7e80000)
  from space 9216K, 0% used [0x00000000f7e80000,0x00000000f7e80000,0x00000000f8780000)
  to   space 18944K, 0% used [0x00000000fd600000,0x00000000fd600000,0x00000000fe880000)
 ParOldGen       total 42496K, used 41950K [0x00000000c1800000, 0x00000000c4180000, 0x00000000eb300000)
  object space 42496K, 98% used [0x00000000c1800000,0x00000000c40f7918,0x00000000c4180000)
 Metaspace       used 28943K, capacity 29196K, committed 29568K, reserved 1075200K
  class space    used 3605K, capacity 3671K, committed 3712K, reserved 1048576K
}
Event: 26.688 GC heap before
{Heap before GC invocations=14 (full 3):
 PSYoungGen      total 217600K, used 208384K [0x00000000eb300000, 0x00000000fe880000, 0x0000000100000000)
  eden space 208384K, 100% used [0x00000000eb300000,0x00000000f7e80000,0x00000000f7e80000)
  from space 9216K, 0% used [0x00000000f7e80000,0x00000000f7e80000,0x00000000f8780000)
  to   space 18944K, 0% used [0x00000000fd600000,0x00000000fd600000,0x00000000fe880000)
 ParOldGen       total 42496K, used 41950K [0x00000000c1800000, 0x00000000c4180000, 0x00000000eb300000)
  object space 42496K, 98% used [0x00000000c1800000,0x00000000c40f7918,0x00000000c4180000)
 Metaspace       used 39414K, capacity 39712K, committed 40192K, reserved 1085440K
  class space    used 4993K, capacity 5081K, committed 5120K, reserved 1048576K
Event: 27.249 GC heap after
Heap after GC invocations=14 (full 3):
 PSYoungGen      total 217600K, used 8613K [0x00000000eb300000, 0x00000000fe880000, 0x0000000100000000)
  eden space 208384K, 4% used [0x00000000eb300000,0x00000000ebb69778,0x00000000f7e80000)
  from space 9216K, 0% used [0x00000000f7e80000,0x00000000f7e80000,0x00000000f8780000)
  to   space 18944K, 0% used [0x00000000fd600000,0x00000000fd600000,0x00000000fe880000)
 ParOldGen       total 42496K, used 42492K [0x00000000c1800000, 0x00000000c4180000, 0x00000000eb300000)
  object space 42496K, 99% used [0x00000000c1800000,0x00000000c417f370,0x00000000c4180000)
 Metaspace       used 39414K, capacity 39712K, committed 40192K, reserved 1085440K
  class space    used 4993K, capacity 5081K, committed 5120K, reserved 1048576K
}

