# JRE version: Java(TM) SE Runtime Environment (8.0_101-b13) (build 1.8.0_101-b13)
# Java VM: Java HotSpot(TM) 64-Bit Server VM (25.101-b13 mixed mode windows-amd64 compressed oops)
Heap:
 PSYoungGen      total 139776K, used 80041K [0x00000000eb300000, 0x00000000f8e80000, 0x0000000100000000)
  eden space 131072K, 54% used [0x00000000eb300000,0x00000000ef8ae860,0x00000000f3300000)
  from space 8704K, 99% used [0x00000000f3300000,0x00000000f3b7bc20,0x00000000f3b80000)
  to   space 15360K, 0% used [0x00000000f7f80000,0x00000000f7f80000,0x00000000f8e80000)
 ParOldGen       total 34816K, used 24570K [0x00000000c1800000, 0x00000000c3a00000, 0x00000000eb300000)
  object space 34816K, 70% used [0x00000000c1800000,0x00000000c2ffebb8,0x00000000c3a00000)
 Metaspace       used 27954K, capacity 28198K, committed 28416K, reserved 1075200K
  class space    used 3456K, capacity 3510K, committed 3584K, reserved 1048576K
GC Heap History (10 events):
Event: 13.514 GC heap before
{Heap before GC invocations=6 (full 0):
 PSYoungGen      total 35328K, used 35296K [0x00000000eb300000, 0x00000000f0100000, 0x0000000100000000)
  eden space 32768K, 100% used [0x00000000eb300000,0x00000000ed300000,0x00000000ed300000)
  from space 2560K, 98% used [0x00000000ed300000,0x00000000ed5781d0,0x00000000ed580000)
  to   space 7168K, 0% used [0x00000000efa00000,0x00000000efa00000,0x00000000f0100000)
 ParOldGen       total 44032K, used 13505K [0x00000000c1800000, 0x00000000c4300000, 0x00000000eb300000)
  object space 44032K, 30% used [0x00000000c1800000,0x00000000c2530648,0x00000000c4300000)
 Metaspace       used 18194K, capacity 18368K, committed 18432K, reserved 1064960K
  class space    used 2221K, capacity 2293K, committed 2304K, reserved 1048576K
Event: 13.816 GC heap after
Heap after GC invocations=6 (full 0):
 PSYoungGen      total 71680K, used 5118K [0x00000000eb300000, 0x00000000f0000000, 0x0000000100000000)
  eden space 65536K, 0% used [0x00000000eb300000,0x00000000eb300000,0x00000000ef300000)
  from space 6144K, 83% used [0x00000000efa00000,0x00000000efeff888,0x00000000f0000000)
  to   space 6656K, 0% used [0x00000000ef300000,0x00000000ef300000,0x00000000ef980000)
 ParOldGen       total 44032K, used 13505K [0x00000000c1800000, 0x00000000c4300000, 0x00000000eb300000)
  object space 44032K, 30% used [0x00000000c1800000,0x00000000c2530648,0x00000000c4300000)
 Metaspace       used 18194K, capacity 18368K, committed 18432K, reserved 1064960K
  class space    used 2221K, capacity 2293K, committed 2304K, reserved 1048576K
}
Event: 16.381 GC heap before
{Heap before GC invocations=7 (full 0):
 PSYoungGen      total 71680K, used 70654K [0x00000000eb300000, 0x00000000f0000000, 0x0000000100000000)
  eden space 65536K, 100% used [0x00000000eb300000,0x00000000ef300000,0x00000000ef300000)
  from space 6144K, 83% used [0x00000000efa00000,0x00000000efeff888,0x00000000f0000000)
  to   space 6656K, 0% used [0x00000000ef300000,0x00000000ef300000,0x00000000ef980000)
 ParOldGen       total 44032K, used 13505K [0x00000000c1800000, 0x00000000c4300000, 0x00000000eb300000)
  object space 44032K, 30% used [0x00000000c1800000,0x00000000c2530648,0x00000000c4300000)
 Metaspace       used 19470K, capacity 19640K, committed 19968K, reserved 1067008K
  class space    used 2415K, capacity 2457K, committed 2560K, reserved 1048576K
Event: 16.482 GC heap after
Heap after GC invocations=7 (full 0):
 PSYoungGen      total 72192K, used 6624K [0x00000000eb300000, 0x00000000f4400000, 0x0000000100000000)
  eden space 65536K, 0% used [0x00000000eb300000,0x00000000eb300000,0x00000000ef300000)
  from space 6656K, 99% used [0x00000000ef300000,0x00000000ef9782e8,0x00000000ef980000)
  to   space 8704K, 0% used [0x00000000f3b80000,0x00000000f3b80000,0x00000000f4400000)
 ParOldGen       total 44032K, used 16337K [0x00000000c1800000, 0x00000000c4300000, 0x00000000eb300000)
  object space 44032K, 37% used [0x00000000c1800000,0x00000000c27f4538,0x00000000c4300000)
 Metaspace       used 19470K, capacity 19640K, committed 19968K, reserved 1067008K
  class space    used 2415K, capacity 2457K, committed 2560K, reserved 1048576K
}
Event: 18.820 GC heap before
{Heap before GC invocations=8 (full 0):
 PSYoungGen      total 72192K, used 41967K [0x00000000eb300000, 0x00000000f4400000, 0x0000000100000000)
  eden space 65536K, 53% used [0x00000000eb300000,0x00000000ed583b88,0x00000000ef300000)
  from space 6656K, 99% used [0x00000000ef300000,0x00000000ef9782e8,0x00000000ef980000)
  to   space 8704K, 0% used [0x00000000f3b80000,0x00000000f3b80000,0x00000000f4400000)
 ParOldGen       total 44032K, used 16337K [0x00000000c1800000, 0x00000000c4300000, 0x00000000eb300000)
  object space 44032K, 37% used [0x00000000c1800000,0x00000000c27f4538,0x00000000c4300000)
 Metaspace       used 20967K, capacity 21142K, committed 21296K, reserved 1069056K
  class space    used 2596K, capacity 2654K, committed 2688K, reserved 1048576K
Event: 18.840 GC heap after
Heap after GC invocations=8 (full 0):
 PSYoungGen      total 139776K, used 4201K [0x00000000eb300000, 0x00000000f4400000, 0x0000000100000000)
  eden space 131072K, 0% used [0x00000000eb300000,0x00000000eb300000,0x00000000f3300000)
  from space 8704K, 48% used [0x00000000f3b80000,0x00000000f3f9a598,0x00000000f4400000)
  to   space 8704K, 0% used [0x00000000f3300000,0x00000000f3300000,0x00000000f3b80000)
 ParOldGen       total 44032K, used 16833K [0x00000000c1800000, 0x00000000c4300000, 0x00000000eb300000)
  object space 44032K, 38% used [0x00000000c1800000,0x00000000c2870538,0x00000000c4300000)
 Metaspace       used 20967K, capacity 21142K, committed 21296K, reserved 1069056K
  class space    used 2596K, capacity 2654K, committed 2688K, reserved 1048576K
}
Event: 18.840 GC heap before
{Heap before GC invocations=9 (full 1):
 PSYoungGen      total 139776K, used 4201K [0x00000000eb300000, 0x00000000f4400000, 0x0000000100000000)
  eden space 131072K, 0% used [0x00000000eb300000,0x00000000eb300000,0x00000000f3300000)
  from space 8704K, 48% used [0x00000000f3b80000,0x00000000f3f9a598,0x00000000f4400000)
  to   space 8704K, 0% used [0x00000000f3300000,0x00000000f3300000,0x00000000f3b80000)
 ParOldGen       total 44032K, used 16833K [0x00000000c1800000, 0x00000000c4300000, 0x00000000eb300000)
  object space 44032K, 38% used [0x00000000c1800000,0x00000000c2870538,0x00000000c4300000)
 Metaspace       used 20967K, capacity 21142K, committed 21296K, reserved 1069056K
  class space    used 2596K, capacity 2654K, committed 2688K, reserved 1048576K
Event: 19.023 GC heap after
Heap after GC invocations=9 (full 1):
 PSYoungGen      total 139776K, used 0K [0x00000000eb300000, 0x00000000f4400000, 0x0000000100000000)
  eden space 131072K, 0% used [0x00000000eb300000,0x00000000eb300000,0x00000000f3300000)
  from space 8704K, 0% used [0x00000000f3b80000,0x00000000f3b80000,0x00000000f4400000)
  to   space 8704K, 0% used [0x00000000f3300000,0x00000000f3300000,0x00000000f3b80000)
 ParOldGen       total 34816K, used 10964K [0x00000000c1800000, 0x00000000c3a00000, 0x00000000eb300000)
  object space 34816K, 31% used [0x00000000c1800000,0x00000000c22b5210,0x00000000c3a00000)
 Metaspace       used 20967K, capacity 21142K, committed 21296K, reserved 1069056K
  class space    used 2596K, capacity 2654K, committed 2688K, reserved 1048576K
}
Event: 24.981 GC heap before
{Heap before GC invocations=10 (full 1):
 PSYoungGen      total 139776K, used 131072K [0x00000000eb300000, 0x00000000f4400000, 0x0000000100000000)
  eden space 131072K, 100% used [0x00000000eb300000,0x00000000f3300000,0x00000000f3300000)
  from space 8704K, 0% used [0x00000000f3b80000,0x00000000f3b80000,0x00000000f4400000)
  to   space 8704K, 0% used [0x00000000f3300000,0x00000000f3300000,0x00000000f3b80000)
 ParOldGen       total 34816K, used 10964K [0x00000000c1800000, 0x00000000c3a00000, 0x00000000eb300000)
  object space 34816K, 31% used [0x00000000c1800000,0x00000000c22b5210,0x00000000c3a00000)
 Metaspace       used 26003K, capacity 26202K, committed 26368K, reserved 1073152K
  class space    used 3209K, capacity 3268K, committed 3328K, reserved 1048576K
Event: 25.092 GC heap after
Heap after GC invocations=10 (full 1):
 PSYoungGen      total 139776K, used 8687K [0x00000000eb300000, 0x00000000f8e80000, 0x0000000100000000)
  eden space 131072K, 0% used [0x00000000eb300000,0x00000000eb300000,0x00000000f3300000)
  from space 8704K, 99% used [0x00000000f3300000,0x00000000f3b7bc20,0x00000000f3b80000)
  to   space 15360K, 0% used [0x00000000f7f80000,0x00000000f7f80000,0x00000000f8e80000)
 ParOldGen       total 34816K, used 24570K [0x00000000c1800000, 0x00000000c3a00000, 0x00000000eb300000)
  object space 34816K, 70% used [0x00000000c1800000,0x00000000c2ffebb8,0x00000000c3a00000)
 Metaspace       used 26003K, capacity 26202K, committed 26368K, reserved 1073152K
  class space    used 3209K, capacity 3268K, committed 3328K, reserved 1048576K
}

