# JRE version: Java(TM) SE Runtime Environment (8.0_101-b13) (build 1.8.0_101-b13)
# Java VM: Java HotSpot(TM) 64-Bit Server VM (25.101-b13 mixed mode windows-amd64 compressed oops)
Heap:
 PSYoungGen      total 272384K, used 133479K [0x00000000eb300000, 0x0000000100000000, 0x0000000100000000)
  eden space 262144K, 48% used [0x00000000eb300000,0x00000000f306aab8,0x00000000fb300000)
  from space 10240K, 49% used [0x00000000fb300000,0x00000000fb7ef488,0x00000000fbd00000)
  to   space 20992K, 0% used [0x00000000feb80000,0x00000000feb80000,0x0000000100000000)
 ParOldGen       total 37888K, used 37431K [0x00000000c1800000, 0x00000000c3d00000, 0x00000000eb300000)
  object space 37888K, 98% used [0x00000000c1800000,0x00000000c3c8de58,0x00000000c3d00000)
 Metaspace       used 30686K, capacity 30962K, committed 31360K, reserved 1077248K
  class space    used 3883K, capacity 3960K, committed 3968K, reserved 1048576K
GC Heap History (10 events):
Event: 13.870 GC heap before
{Heap before GC invocations=7 (full 0):
 PSYoungGen      total 139264K, used 136055K [0x00000000eb300000, 0x00000000f4400000, 0x0000000100000000)
  eden space 131072K, 100% used [0x00000000eb300000,0x00000000f3300000,0x00000000f3300000)
  from space 8192K, 60% used [0x00000000f3c00000,0x00000000f40ddd70,0x00000000f4400000)
  to   space 8704K, 0% used [0x00000000f3300000,0x00000000f3300000,0x00000000f3b80000)
 ParOldGen       total 44032K, used 13378K [0x00000000c1800000, 0x00000000c4300000, 0x00000000eb300000)
  object space 44032K, 30% used [0x00000000c1800000,0x00000000c2510930,0x00000000c4300000)
 Metaspace       used 19929K, capacity 20100K, committed 20480K, reserved 1067008K
  class space    used 2477K, capacity 2523K, committed 2560K, reserved 1048576K
Event: 14.044 GC heap after
Heap after GC invocations=7 (full 0):
 PSYoungGen      total 139776K, used 8685K [0x00000000eb300000, 0x00000000fc800000, 0x0000000100000000)
  eden space 131072K, 0% used [0x00000000eb300000,0x00000000eb300000,0x00000000f3300000)
  from space 8704K, 99% used [0x00000000f3300000,0x00000000f3b7b740,0x00000000f3b80000)
  to   space 10752K, 0% used [0x00000000fbd80000,0x00000000fbd80000,0x00000000fc800000)
 ParOldGen       total 44032K, used 14849K [0x00000000c1800000, 0x00000000c4300000, 0x00000000eb300000)
  object space 44032K, 33% used [0x00000000c1800000,0x00000000c2680450,0x00000000c4300000)
 Metaspace       used 19929K, capacity 20100K, committed 20480K, reserved 1067008K
  class space    used 2477K, capacity 2523K, committed 2560K, reserved 1048576K
}
Event: 14.964 GC heap before
{Heap before GC invocations=8 (full 0):
 PSYoungGen      total 139776K, used 37112K [0x00000000eb300000, 0x00000000fc800000, 0x0000000100000000)
  eden space 131072K, 21% used [0x00000000eb300000,0x00000000ecec2968,0x00000000f3300000)
  from space 8704K, 99% used [0x00000000f3300000,0x00000000f3b7b740,0x00000000f3b80000)
  to   space 10752K, 0% used [0x00000000fbd80000,0x00000000fbd80000,0x00000000fc800000)
 ParOldGen       total 44032K, used 14849K [0x00000000c1800000, 0x00000000c4300000, 0x00000000eb300000)
  object space 44032K, 33% used [0x00000000c1800000,0x00000000c2680450,0x00000000c4300000)
 Metaspace       used 20902K, capacity 21060K, committed 21296K, reserved 1069056K
  class space    used 2613K, capacity 2651K, committed 2688K, reserved 1048576K
Event: 15.002 GC heap after
Heap after GC invocations=8 (full 0):
 PSYoungGen      total 271872K, used 4475K [0x00000000eb300000, 0x00000000fc700000, 0x0000000100000000)
  eden space 262144K, 0% used [0x00000000eb300000,0x00000000eb300000,0x00000000fb300000)
  from space 9728K, 46% used [0x00000000fbd80000,0x00000000fc1deec8,0x00000000fc700000)
  to   space 10240K, 0% used [0x00000000fb300000,0x00000000fb300000,0x00000000fbd00000)
 ParOldGen       total 44032K, used 15953K [0x00000000c1800000, 0x00000000c4300000, 0x00000000eb300000)
  object space 44032K, 36% used [0x00000000c1800000,0x00000000c2794460,0x00000000c4300000)
 Metaspace       used 20902K, capacity 21060K, committed 21296K, reserved 1069056K
  class space    used 2613K, capacity 2651K, committed 2688K, reserved 1048576K
}
Event: 15.002 GC heap before
{Heap before GC invocations=9 (full 1):
 PSYoungGen      total 271872K, used 4475K [0x00000000eb300000, 0x00000000fc700000, 0x0000000100000000)
  eden space 262144K, 0% used [0x00000000eb300000,0x00000000eb300000,0x00000000fb300000)
  from space 9728K, 46% used [0x00000000fbd80000,0x00000000fc1deec8,0x00000000fc700000)
  to   space 10240K, 0% used [0x00000000fb300000,0x00000000fb300000,0x00000000fbd00000)
 ParOldGen       total 44032K, used 15953K [0x00000000c1800000, 0x00000000c4300000, 0x00000000eb300000)
  object space 44032K, 36% used [0x00000000c1800000,0x00000000c2794460,0x00000000c4300000)
 Metaspace       used 20902K, capacity 21060K, committed 21296K, reserved 1069056K
  class space    used 2613K, capacity 2651K, committed 2688K, reserved 1048576K
Event: 15.173 GC heap after
Heap after GC invocations=9 (full 1):
 PSYoungGen      total 271872K, used 0K [0x00000000eb300000, 0x00000000fc700000, 0x0000000100000000)
  eden space 262144K, 0% used [0x00000000eb300000,0x00000000eb300000,0x00000000fb300000)
  from space 9728K, 0% used [0x00000000fbd80000,0x00000000fbd80000,0x00000000fc700000)
  to   space 10240K, 0% used [0x00000000fb300000,0x00000000fb300000,0x00000000fbd00000)
 ParOldGen       total 37888K, used 11884K [0x00000000c1800000, 0x00000000c3d00000, 0x00000000eb300000)
  object space 37888K, 31% used [0x00000000c1800000,0x00000000c239b038,0x00000000c3d00000)
 Metaspace       used 20902K, capacity 21060K, committed 21296K, reserved 1069056K
  class space    used 2613K, capacity 2651K, committed 2688K, reserved 1048576K
}
Event: 20.704 GC heap before
{Heap before GC invocations=10 (full 1):
 PSYoungGen      total 271872K, used 262144K [0x00000000eb300000, 0x00000000fc700000, 0x0000000100000000)
  eden space 262144K, 100% used [0x00000000eb300000,0x00000000fb300000,0x00000000fb300000)
  from space 9728K, 0% used [0x00000000fbd80000,0x00000000fbd80000,0x00000000fc700000)
  to   space 10240K, 0% used [0x00000000fb300000,0x00000000fb300000,0x00000000fbd00000)
 ParOldGen       total 37888K, used 11884K [0x00000000c1800000, 0x00000000c3d00000, 0x00000000eb300000)
  object space 37888K, 31% used [0x00000000c1800000,0x00000000c239b038,0x00000000c3d00000)
 Metaspace       used 27248K, capacity 27494K, committed 27904K, reserved 1073152K
  class space    used 3396K, capacity 3462K, committed 3584K, reserved 1048576K
Event: 20.824 GC heap after
Heap after GC invocations=10 (full 1):
 PSYoungGen      total 272384K, used 10227K [0x00000000eb300000, 0x0000000100000000, 0x0000000100000000)
  eden space 262144K, 0% used [0x00000000eb300000,0x00000000eb300000,0x00000000fb300000)
  from space 10240K, 99% used [0x00000000fb300000,0x00000000fbcfcc20,0x00000000fbd00000)
  to   space 20992K, 0% used [0x00000000feb80000,0x00000000feb80000,0x0000000100000000)
 ParOldGen       total 37888K, used 35015K [0x00000000c1800000, 0x00000000c3d00000, 0x00000000eb300000)
  object space 37888K, 92% used [0x00000000c1800000,0x00000000c3a31cc0,0x00000000c3d00000)
 Metaspace       used 27248K, capacity 27494K, committed 27904K, reserved 1073152K
  class space    used 3396K, capacity 3462K, committed 3584K, reserved 1048576K
}
Event: 20.824 GC heap before
{Heap before GC invocations=11 (full 2):
 PSYoungGen      total 272384K, used 10227K [0x00000000eb300000, 0x0000000100000000, 0x0000000100000000)
  eden space 262144K, 0% used [0x00000000eb300000,0x00000000eb300000,0x00000000fb300000)
  from space 10240K, 99% used [0x00000000fb300000,0x00000000fbcfcc20,0x00000000fbd00000)
  to   space 20992K, 0% used [0x00000000feb80000,0x00000000feb80000,0x0000000100000000)
 ParOldGen       total 37888K, used 35015K [0x00000000c1800000, 0x00000000c3d00000, 0x00000000eb300000)
  object space 37888K, 92% used [0x00000000c1800000,0x00000000c3a31cc0,0x00000000c3d00000)
 Metaspace       used 27248K, capacity 27494K, committed 27904K, reserved 1073152K
  class space    used 3396K, capacity 3462K, committed 3584K, reserved 1048576K
Event: 21.378 GC heap after
Heap after GC invocations=11 (full 2):
 PSYoungGen      total 272384K, used 5053K [0x00000000eb300000, 0x0000000100000000, 0x0000000100000000)
  eden space 262144K, 0% used [0x00000000eb300000,0x00000000eb300000,0x00000000fb300000)
  from space 10240K, 49% used [0x00000000fb300000,0x00000000fb7ef488,0x00000000fbd00000)
  to   space 20992K, 0% used [0x00000000feb80000,0x00000000feb80000,0x0000000100000000)
 ParOldGen       total 37888K, used 37431K [0x00000000c1800000, 0x00000000c3d00000, 0x00000000eb300000)
  object space 37888K, 98% used [0x00000000c1800000,0x00000000c3c8de58,0x00000000c3d00000)
 Metaspace       used 27248K, capacity 27494K, committed 27904K, reserved 1073152K
  class space    used 3396K, capacity 3462K, committed 3584K, reserved 1048576K
}

